0 verbose cli /usr/bin/node /usr/bin/npm
1 info using npm@10.8.2
2 info using node@v20.20.2
3 silly config load:file:/usr/lib/node_modules/npm/npmrc
4 silly config load:file:/home/manikandarajsmart/.npmrc
5 silly config load:file:/usr/etc/npmrc
6 verbose title npm install
7 verbose argv "install"
8 verbose logfile logs-max:10 dir:/home/manikandarajsmart/.npm/_logs/2026-05-21T21_47_43_243Z-
9 verbose logfile /home/manikandarajsmart/.npm/_logs/2026-05-21T21_47_43_243Z-debug-0.log
10 silly packumentCache heap:2102132736 maxSize:525533184 maxEntrySize:262766592
11 silly logfile done cleaning log files
12 silly idealTree buildDeps
13 silly reify moves {}
14 silly audit bulk request {
14 silly audit   '@supabase/auth-js': [ '2.105.4' ],
14 silly audit   '@supabase/functions-js': [ '2.105.4' ],
14 silly audit   '@supabase/phoenix': [ '0.4.2' ],
14 silly audit   '@supabase/postgrest-js': [ '2.105.4' ],
14 silly audit   '@supabase/realtime-js': [ '2.105.4' ],
14 silly audit   '@supabase/storage-js': [ '2.105.4' ],
14 silly audit   '@supabase/supabase-js': [ '2.105.4' ],
14 silly audit   accepts: [ '2.0.0' ],
14 silly audit   'body-parser': [ '2.2.2' ],
14 silly audit   bytes: [ '3.1.2' ],
14 silly audit   'call-bind-apply-helpers': [ '1.0.2' ],
14 silly audit   'call-bound': [ '1.0.4' ],
14 silly audit   'content-disposition': [ '1.1.0' ],
14 silly audit   'content-type': [ '1.0.5', '2.0.0' ],
14 silly audit   cookie: [ '0.7.2' ],
14 silly audit   'cookie-signature': [ '1.2.2' ],
14 silly audit   cors: [ '2.8.6' ],
14 silly audit   debug: [ '4.4.3' ],
14 silly audit   depd: [ '2.0.0' ],
14 silly audit   dotenv: [ '17.4.2' ],
14 silly audit   'dunder-proto': [ '1.0.1' ],
14 silly audit   'ee-first': [ '1.1.1' ],
14 silly audit   encodeurl: [ '2.0.0' ],
14 silly audit   'es-define-property': [ '1.0.1' ],
14 silly audit   'es-errors': [ '1.3.0' ],
14 silly audit   'es-object-atoms': [ '1.1.1' ],
14 silly audit   'escape-html': [ '1.0.3' ],
14 silly audit   etag: [ '1.8.1' ],
14 silly audit   express: [ '5.2.1' ],
14 silly audit   finalhandler: [ '2.1.1' ],
14 silly audit   forwarded: [ '0.2.0' ],
14 silly audit   fresh: [ '2.0.0' ],
14 silly audit   'function-bind': [ '1.1.2' ],
14 silly audit   'get-intrinsic': [ '1.3.0' ],
14 silly audit   'get-proto': [ '1.0.1' ],
14 silly audit   gopd: [ '1.2.0' ],
14 silly audit   'has-symbols': [ '1.1.0' ],
14 silly audit   hasown: [ '2.0.3' ],
14 silly audit   'http-errors': [ '2.0.1' ],
14 silly audit   'iceberg-js': [ '0.8.1' ],
14 silly audit   'iconv-lite': [ '0.7.2' ],
14 silly audit   inherits: [ '2.0.4' ],
14 silly audit   'ipaddr.js': [ '1.9.1' ],
14 silly audit   'is-promise': [ '4.0.0' ],
14 silly audit   'math-intrinsics': [ '1.1.0' ],
14 silly audit   'media-typer': [ '1.1.0' ],
14 silly audit   'merge-descriptors': [ '2.0.0' ],
14 silly audit   'mime-db': [ '1.54.0' ],
14 silly audit   'mime-types': [ '3.0.2' ],
14 silly audit   ms: [ '2.1.3' ],
14 silly audit   negotiator: [ '1.0.0' ],
14 silly audit   'object-assign': [ '4.1.1' ],
14 silly audit   'object-inspect': [ '1.13.4' ],
14 silly audit   'on-finished': [ '2.4.1' ],
14 silly audit   once: [ '1.4.0' ],
14 silly audit   parseurl: [ '1.3.3' ],
14 silly audit   'path-to-regexp': [ '8.4.2' ],
14 silly audit   'proxy-addr': [ '2.0.7' ],
14 silly audit   qs: [ '6.15.2' ],
14 silly audit   'range-parser': [ '1.2.1' ],
14 silly audit   'raw-body': [ '3.0.2' ],
14 silly audit   router: [ '2.2.0' ],
14 silly audit   'safer-buffer': [ '2.1.2' ],
14 silly audit   send: [ '1.2.1' ],
14 silly audit   'serve-static': [ '2.2.1' ],
14 silly audit   setprototypeof: [ '1.2.0' ],
14 silly audit   'side-channel': [ '1.1.0' ],
14 silly audit   'side-channel-list': [ '1.0.1' ],
14 silly audit   'side-channel-map': [ '1.0.1' ],
14 silly audit   'side-channel-weakmap': [ '1.0.2' ],
14 silly audit   statuses: [ '2.0.2' ],
14 silly audit   toidentifier: [ '1.0.1' ],
14 silly audit   tslib: [ '2.8.1' ],
14 silly audit   'type-is': [ '2.1.0' ],
14 silly audit   unpipe: [ '1.0.0' ],
14 silly audit   vary: [ '1.1.2' ],
14 silly audit   wrappy: [ '1.0.2' ],
14 silly audit   ws: [ '8.20.1' ]
14 silly audit }
15 http fetch POST 200 https://registry.npmjs.org/-/npm/v1/security/advisories/bulk 598ms
16 silly audit report {}
17 verbose cwd /home/manikandarajsmart
18 verbose os Linux 6.8.0-1058-gcp
19 verbose node v20.20.2
20 verbose npm  v10.8.2
21 verbose exit 0
22 info ok
