0 verbose cli /usr/bin/node /usr/bin/npm
1 info using npm@10.8.2
2 info using node@v20.20.2
3 silly config load:file:/usr/lib/node_modules/npm/npmrc
4 silly config load:file:/home/manikandarajsmart/.npmrc
5 silly config load:file:/usr/etc/npmrc
6 verbose title npm install
7 verbose argv "install"
8 verbose logfile logs-max:10 dir:/home/manikandarajsmart/.npm/_logs/2026-05-17T07_25_09_307Z-
9 verbose logfile /home/manikandarajsmart/.npm/_logs/2026-05-17T07_25_09_307Z-debug-0.log
10 silly packumentCache heap:1055391744 maxSize:263847936 maxEntrySize:131923968
11 silly logfile done cleaning log files
12 silly idealTree buildDeps
13 silly fetch manifest @supabase/supabase-js@^2.105.0
14 silly packumentCache full:https://registry.npmjs.org/@supabase%2fsupabase-js cache-miss
15 http fetch GET 200 https://registry.npmjs.org/@supabase%2fsupabase-js 516ms (cache miss)
16 silly packumentCache full:https://registry.npmjs.org/@supabase%2fsupabase-js set size:undefined disposed:false
17 silly fetch manifest cors@^2.8.6
18 silly packumentCache full:https://registry.npmjs.org/cors cache-miss
19 http fetch GET 200 https://registry.npmjs.org/cors 56ms (cache miss)
20 silly packumentCache full:https://registry.npmjs.org/cors set size:undefined disposed:false
21 silly fetch manifest dotenv@^17.4.2
22 silly packumentCache full:https://registry.npmjs.org/dotenv cache-miss
23 http fetch GET 200 https://registry.npmjs.org/dotenv 41ms (cache miss)
24 silly packumentCache full:https://registry.npmjs.org/dotenv set size:undefined disposed:false
25 silly fetch manifest express@^5.2.1
26 silly packumentCache full:https://registry.npmjs.org/express cache-miss
27 http fetch GET 200 https://registry.npmjs.org/express 74ms (cache miss)
28 silly packumentCache full:https://registry.npmjs.org/express set size:undefined disposed:false
29 silly placeDep ROOT @supabase/supabase-js@2.105.4 OK for: smartgym-api@1.0.0 want: ^2.105.0
30 silly placeDep ROOT cors@2.8.6 OK for: smartgym-api@1.0.0 want: ^2.8.6
31 silly placeDep ROOT dotenv@17.4.2 OK for: smartgym-api@1.0.0 want: ^17.4.2
32 silly placeDep ROOT express@5.2.1 OK for: smartgym-api@1.0.0 want: ^5.2.1
33 silly fetch manifest @supabase/auth-js@2.105.4
34 silly packumentCache full:https://registry.npmjs.org/@supabase%2fauth-js cache-miss
35 http fetch GET 200 https://registry.npmjs.org/@supabase%2fauth-js 85ms (cache miss)
36 silly packumentCache full:https://registry.npmjs.org/@supabase%2fauth-js set size:undefined disposed:false
37 silly fetch manifest @supabase/storage-js@2.105.4
38 silly packumentCache full:https://registry.npmjs.org/@supabase%2fstorage-js cache-miss
39 http fetch GET 200 https://registry.npmjs.org/@supabase%2fstorage-js 440ms (cache miss)
40 silly packumentCache full:https://registry.npmjs.org/@supabase%2fstorage-js set size:undefined disposed:false
41 silly fetch manifest @supabase/realtime-js@2.105.4
42 silly packumentCache full:https://registry.npmjs.org/@supabase%2frealtime-js cache-miss
43 http fetch GET 200 https://registry.npmjs.org/@supabase%2frealtime-js 240ms (cache miss)
44 silly packumentCache full:https://registry.npmjs.org/@supabase%2frealtime-js set size:undefined disposed:false
45 silly fetch manifest @supabase/functions-js@2.105.4
46 silly packumentCache full:https://registry.npmjs.org/@supabase%2ffunctions-js cache-miss
47 http fetch GET 200 https://registry.npmjs.org/@supabase%2ffunctions-js 304ms (cache miss)
48 silly packumentCache full:https://registry.npmjs.org/@supabase%2ffunctions-js set size:undefined disposed:false
49 silly fetch manifest @supabase/postgrest-js@2.105.4
50 silly packumentCache full:https://registry.npmjs.org/@supabase%2fpostgrest-js cache-miss
51 http fetch GET 200 https://registry.npmjs.org/@supabase%2fpostgrest-js 97ms (cache miss)
52 silly packumentCache full:https://registry.npmjs.org/@supabase%2fpostgrest-js set size:undefined disposed:false
53 silly fetch manifest object-assign@^4
54 silly packumentCache full:https://registry.npmjs.org/object-assign cache-miss
55 http fetch GET 200 https://registry.npmjs.org/object-assign 29ms (cache miss)
56 silly packumentCache full:https://registry.npmjs.org/object-assign set size:undefined disposed:false
57 silly fetch manifest vary@^1
58 silly packumentCache full:https://registry.npmjs.org/vary cache-miss
59 http fetch GET 200 https://registry.npmjs.org/vary 36ms (cache miss)
60 silly packumentCache full:https://registry.npmjs.org/vary set size:undefined disposed:false
61 silly fetch manifest qs@^6.14.0
62 silly packumentCache full:https://registry.npmjs.org/qs cache-miss
63 http fetch GET 200 https://registry.npmjs.org/qs 44ms (cache miss)
64 silly packumentCache full:https://registry.npmjs.org/qs set size:undefined disposed:false
65 silly fetch manifest depd@^2.0.0
66 silly packumentCache full:https://registry.npmjs.org/depd cache-miss
67 http fetch GET 200 https://registry.npmjs.org/depd 26ms (cache miss)
68 silly packumentCache full:https://registry.npmjs.org/depd set size:undefined disposed:false
69 silly fetch manifest etag@^1.8.1
70 silly packumentCache full:https://registry.npmjs.org/etag cache-miss
71 http fetch GET 200 https://registry.npmjs.org/etag 27ms (cache miss)
72 silly packumentCache full:https://registry.npmjs.org/etag set size:undefined disposed:false
73 silly fetch manifest once@^1.4.0
74 silly packumentCache full:https://registry.npmjs.org/once cache-miss
75 http fetch GET 200 https://registry.npmjs.org/once 29ms (cache miss)
76 silly packumentCache full:https://registry.npmjs.org/once set size:undefined disposed:false
77 silly fetch manifest send@^1.1.0
78 silly packumentCache full:https://registry.npmjs.org/send cache-miss
79 http fetch GET 200 https://registry.npmjs.org/send 38ms (cache miss)
80 silly packumentCache full:https://registry.npmjs.org/send set size:undefined disposed:false
81 silly fetch manifest vary@^1.1.2
82 silly packumentCache full:https://registry.npmjs.org/vary cache-miss
83 http fetch GET 200 https://registry.npmjs.org/vary 15ms (cache hit)
84 silly packumentCache full:https://registry.npmjs.org/vary set size:15994 disposed:false
85 silly fetch manifest debug@^4.4.0
86 silly packumentCache full:https://registry.npmjs.org/debug cache-miss
87 http fetch GET 200 https://registry.npmjs.org/debug 38ms (cache miss)
88 silly packumentCache full:https://registry.npmjs.org/debug set size:undefined disposed:false
89 silly fetch manifest fresh@^2.0.0
90 silly packumentCache full:https://registry.npmjs.org/fresh cache-miss
91 http fetch GET 200 https://registry.npmjs.org/fresh 28ms (cache miss)
92 silly packumentCache full:https://registry.npmjs.org/fresh set size:undefined disposed:false
93 silly fetch manifest cookie@^0.7.1
94 silly packumentCache full:https://registry.npmjs.org/cookie cache-miss
95 http fetch GET 200 https://registry.npmjs.org/cookie 36ms (cache miss)
96 silly packumentCache full:https://registry.npmjs.org/cookie set size:undefined disposed:false
97 silly fetch manifest router@^2.2.0
98 silly packumentCache full:https://registry.npmjs.org/router cache-miss
99 http fetch GET 200 https://registry.npmjs.org/router 36ms (cache miss)
100 silly packumentCache full:https://registry.npmjs.org/router set size:undefined disposed:false
101 silly fetch manifest accepts@^2.0.0
102 silly packumentCache full:https://registry.npmjs.org/accepts cache-miss
103 http fetch GET 200 https://registry.npmjs.org/accepts 43ms (cache miss)
104 silly packumentCache full:https://registry.npmjs.org/accepts set size:undefined disposed:false
105 silly fetch manifest type-is@^2.0.1
106 silly packumentCache full:https://registry.npmjs.org/type-is cache-miss
107 http fetch GET 200 https://registry.npmjs.org/type-is 30ms (cache miss)
108 silly packumentCache full:https://registry.npmjs.org/type-is set size:undefined disposed:false
109 silly fetch manifest parseurl@^1.3.3
110 silly packumentCache full:https://registry.npmjs.org/parseurl cache-miss
111 http fetch GET 200 https://registry.npmjs.org/parseurl 46ms (cache miss)
112 silly packumentCache full:https://registry.npmjs.org/parseurl set size:undefined disposed:false
113 silly fetch manifest statuses@^2.0.1
114 silly packumentCache full:https://registry.npmjs.org/statuses cache-miss
115 http fetch GET 200 https://registry.npmjs.org/statuses 29ms (cache miss)
116 silly packumentCache full:https://registry.npmjs.org/statuses set size:undefined disposed:false
117 silly fetch manifest encodeurl@^2.0.0
118 silly packumentCache full:https://registry.npmjs.org/encodeurl cache-miss
119 http fetch GET 200 https://registry.npmjs.org/encodeurl 35ms (cache miss)
120 silly packumentCache full:https://registry.npmjs.org/encodeurl set size:undefined disposed:false
121 silly fetch manifest mime-types@^3.0.0
122 silly packumentCache full:https://registry.npmjs.org/mime-types cache-miss
123 http fetch GET 200 https://registry.npmjs.org/mime-types 37ms (cache miss)
124 silly packumentCache full:https://registry.npmjs.org/mime-types set size:undefined disposed:false
125 silly fetch manifest proxy-addr@^2.0.7
126 silly packumentCache full:https://registry.npmjs.org/proxy-addr cache-miss
127 http fetch GET 200 https://registry.npmjs.org/proxy-addr 48ms (cache miss)
128 silly packumentCache full:https://registry.npmjs.org/proxy-addr set size:undefined disposed:false
129 silly fetch manifest body-parser@^2.2.1
130 silly packumentCache full:https://registry.npmjs.org/body-parser cache-miss
131 http fetch GET 200 https://registry.npmjs.org/body-parser 43ms (cache miss)
132 silly packumentCache full:https://registry.npmjs.org/body-parser set size:undefined disposed:false
133 silly fetch manifest escape-html@^1.0.3
134 silly packumentCache full:https://registry.npmjs.org/escape-html cache-miss
135 http fetch GET 200 https://registry.npmjs.org/escape-html 32ms (cache miss)
136 silly packumentCache full:https://registry.npmjs.org/escape-html set size:undefined disposed:false
137 silly fetch manifest http-errors@^2.0.0
138 silly packumentCache full:https://registry.npmjs.org/http-errors cache-miss
139 http fetch GET 200 https://registry.npmjs.org/http-errors 33ms (cache miss)
140 silly packumentCache full:https://registry.npmjs.org/http-errors set size:undefined disposed:false
141 silly fetch manifest on-finished@^2.4.1
142 silly packumentCache full:https://registry.npmjs.org/on-finished cache-miss
143 http fetch GET 200 https://registry.npmjs.org/on-finished 44ms (cache miss)
144 silly packumentCache full:https://registry.npmjs.org/on-finished set size:undefined disposed:false
145 silly fetch manifest content-type@^1.0.5
146 silly packumentCache full:https://registry.npmjs.org/content-type cache-miss
147 http fetch GET 200 https://registry.npmjs.org/content-type 39ms (cache miss)
148 silly packumentCache full:https://registry.npmjs.org/content-type set size:undefined disposed:false
149 silly fetch manifest finalhandler@^2.1.0
150 silly packumentCache full:https://registry.npmjs.org/finalhandler cache-miss
151 http fetch GET 200 https://registry.npmjs.org/finalhandler 46ms (cache miss)
152 silly packumentCache full:https://registry.npmjs.org/finalhandler set size:undefined disposed:false
153 silly fetch manifest range-parser@^1.2.1
154 silly packumentCache full:https://registry.npmjs.org/range-parser cache-miss
155 http fetch GET 200 https://registry.npmjs.org/range-parser 44ms (cache miss)
156 silly packumentCache full:https://registry.npmjs.org/range-parser set size:undefined disposed:false
157 silly fetch manifest serve-static@^2.2.0
158 silly packumentCache full:https://registry.npmjs.org/serve-static cache-miss
159 http fetch GET 200 https://registry.npmjs.org/serve-static 38ms (cache miss)
160 silly packumentCache full:https://registry.npmjs.org/serve-static set size:undefined disposed:false
161 silly fetch manifest cookie-signature@^1.2.1
162 silly packumentCache full:https://registry.npmjs.org/cookie-signature cache-miss
163 http fetch GET 200 https://registry.npmjs.org/cookie-signature 36ms (cache miss)
164 silly packumentCache full:https://registry.npmjs.org/cookie-signature set size:undefined disposed:false
165 silly fetch manifest merge-descriptors@^2.0.0
166 silly packumentCache full:https://registry.npmjs.org/merge-descriptors cache-miss
167 http fetch GET 200 https://registry.npmjs.org/merge-descriptors 27ms (cache miss)
168 silly packumentCache full:https://registry.npmjs.org/merge-descriptors set size:undefined disposed:false
169 silly fetch manifest content-disposition@^1.0.0
170 silly packumentCache full:https://registry.npmjs.org/content-disposition cache-miss
171 http fetch GET 200 https://registry.npmjs.org/content-disposition 31ms (cache miss)
172 silly packumentCache full:https://registry.npmjs.org/content-disposition set size:undefined disposed:false
173 silly placeDep ROOT @supabase/auth-js@2.105.4 OK for: @supabase/supabase-js@2.105.4 want: 2.105.4
174 silly placeDep ROOT @supabase/functions-js@2.105.4 OK for: @supabase/supabase-js@2.105.4 want: 2.105.4
175 silly placeDep ROOT @supabase/postgrest-js@2.105.4 OK for: @supabase/supabase-js@2.105.4 want: 2.105.4
176 silly placeDep ROOT @supabase/realtime-js@2.105.4 OK for: @supabase/supabase-js@2.105.4 want: 2.105.4
177 silly placeDep ROOT @supabase/storage-js@2.105.4 OK for: @supabase/supabase-js@2.105.4 want: 2.105.4
178 silly fetch manifest tslib@2.8.1
179 silly packumentCache full:https://registry.npmjs.org/tslib cache-miss
180 http fetch GET 200 https://registry.npmjs.org/tslib 62ms (cache miss)
181 silly packumentCache full:https://registry.npmjs.org/tslib set size:undefined disposed:false
182 silly fetch manifest @supabase/phoenix@^0.4.2
183 silly packumentCache full:https://registry.npmjs.org/@supabase%2fphoenix cache-miss
184 http fetch GET 200 https://registry.npmjs.org/@supabase%2fphoenix 40ms (cache miss)
185 silly packumentCache full:https://registry.npmjs.org/@supabase%2fphoenix set size:undefined disposed:false
186 silly fetch manifest iceberg-js@^0.8.1
187 silly packumentCache full:https://registry.npmjs.org/iceberg-js cache-miss
188 http fetch GET 200 https://registry.npmjs.org/iceberg-js 33ms (cache miss)
189 silly packumentCache full:https://registry.npmjs.org/iceberg-js set size:undefined disposed:false
190 silly placeDep ROOT tslib@2.8.1 OK for: @supabase/auth-js@2.105.4 want: 2.8.1
191 silly placeDep ROOT @supabase/phoenix@0.4.2 OK for: @supabase/realtime-js@2.105.4 want: ^0.4.2
192 silly placeDep ROOT iceberg-js@0.8.1 OK for: @supabase/storage-js@2.105.4 want: ^0.8.1
193 silly placeDep ROOT object-assign@4.1.1 OK for: cors@2.8.6 want: ^4
194 silly placeDep ROOT vary@1.1.2 OK for: cors@2.8.6 want: ^1
195 silly placeDep ROOT accepts@2.0.0 OK for: express@5.2.1 want: ^2.0.0
196 silly placeDep ROOT body-parser@2.2.2 OK for: express@5.2.1 want: ^2.2.1
197 silly placeDep ROOT content-disposition@1.1.0 OK for: express@5.2.1 want: ^1.0.0
198 silly placeDep ROOT content-type@1.0.5 OK for: express@5.2.1 want: ^1.0.5
199 silly placeDep ROOT cookie@0.7.2 OK for: express@5.2.1 want: ^0.7.1
200 silly placeDep ROOT cookie-signature@1.2.2 OK for: express@5.2.1 want: ^1.2.1
201 silly placeDep ROOT debug@4.4.3 OK for: express@5.2.1 want: ^4.4.0
202 silly placeDep ROOT depd@2.0.0 OK for: express@5.2.1 want: ^2.0.0
203 silly placeDep ROOT encodeurl@2.0.0 OK for: express@5.2.1 want: ^2.0.0
204 silly placeDep ROOT escape-html@1.0.3 OK for: express@5.2.1 want: ^1.0.3
205 silly placeDep ROOT etag@1.8.1 OK for: express@5.2.1 want: ^1.8.1
206 silly placeDep ROOT finalhandler@2.1.1 OK for: express@5.2.1 want: ^2.1.0
207 silly placeDep ROOT fresh@2.0.0 OK for: express@5.2.1 want: ^2.0.0
208 silly placeDep ROOT http-errors@2.0.1 OK for: express@5.2.1 want: ^2.0.0
209 silly placeDep ROOT merge-descriptors@2.0.0 OK for: express@5.2.1 want: ^2.0.0
210 silly placeDep ROOT mime-types@3.0.2 OK for: express@5.2.1 want: ^3.0.0
211 silly placeDep ROOT on-finished@2.4.1 OK for: express@5.2.1 want: ^2.4.1
212 silly placeDep ROOT once@1.4.0 OK for: express@5.2.1 want: ^1.4.0
213 silly placeDep ROOT parseurl@1.3.3 OK for: express@5.2.1 want: ^1.3.3
214 silly placeDep ROOT proxy-addr@2.0.7 OK for: express@5.2.1 want: ^2.0.7
215 silly placeDep ROOT qs@6.15.2 OK for: express@5.2.1 want: ^6.14.0
216 silly placeDep ROOT range-parser@1.2.1 OK for: express@5.2.1 want: ^1.2.1
217 silly placeDep ROOT router@2.2.0 OK for: express@5.2.1 want: ^2.2.0
218 silly placeDep ROOT send@1.2.1 OK for: express@5.2.1 want: ^1.1.0
219 silly placeDep ROOT serve-static@2.2.1 OK for: express@5.2.1 want: ^2.2.0
220 silly placeDep ROOT statuses@2.0.2 OK for: express@5.2.1 want: ^2.0.1
221 silly placeDep ROOT type-is@2.1.0 OK for: express@5.2.1 want: ^2.0.1
222 silly fetch manifest negotiator@^1.0.0
223 silly packumentCache full:https://registry.npmjs.org/negotiator cache-miss
224 http fetch GET 200 https://registry.npmjs.org/negotiator 29ms (cache miss)
225 silly packumentCache full:https://registry.npmjs.org/negotiator set size:undefined disposed:false
226 silly fetch manifest qs@^6.14.1
227 silly packumentCache full:https://registry.npmjs.org/qs cache-miss
228 http fetch GET 200 https://registry.npmjs.org/qs 7ms (cache hit)
229 silly packumentCache full:https://registry.npmjs.org/qs set size:356906 disposed:false
230 silly fetch manifest bytes@^3.1.2
231 silly packumentCache full:https://registry.npmjs.org/bytes cache-miss
232 http fetch GET 200 https://registry.npmjs.org/bytes 27ms (cache miss)
233 silly packumentCache full:https://registry.npmjs.org/bytes set size:undefined disposed:false
234 silly fetch manifest debug@^4.4.3
235 silly packumentCache full:https://registry.npmjs.org/debug cache-miss
236 http fetch GET 200 https://registry.npmjs.org/debug 9ms (cache hit)
237 silly packumentCache full:https://registry.npmjs.org/debug set size:195840 disposed:false
238 silly fetch manifest raw-body@^3.0.1
239 silly packumentCache full:https://registry.npmjs.org/raw-body cache-miss
240 http fetch GET 200 https://registry.npmjs.org/raw-body 29ms (cache miss)
241 silly packumentCache full:https://registry.npmjs.org/raw-body set size:undefined disposed:false
242 silly fetch manifest iconv-lite@^0.7.0
243 silly packumentCache full:https://registry.npmjs.org/iconv-lite cache-miss
244 http fetch GET 200 https://registry.npmjs.org/iconv-lite 31ms (cache miss)
245 silly packumentCache full:https://registry.npmjs.org/iconv-lite set size:undefined disposed:false
246 silly fetch manifest ms@^2.1.3
247 silly packumentCache full:https://registry.npmjs.org/ms cache-miss
248 http fetch GET 200 https://registry.npmjs.org/ms 29ms (cache miss)
249 silly packumentCache full:https://registry.npmjs.org/ms set size:undefined disposed:false
250 silly fetch manifest inherits@~2.0.4
251 silly packumentCache full:https://registry.npmjs.org/inherits cache-miss
252 http fetch GET 200 https://registry.npmjs.org/inherits 25ms (cache miss)
253 silly packumentCache full:https://registry.npmjs.org/inherits set size:undefined disposed:false
254 silly fetch manifest setprototypeof@~1.2.0
255 silly packumentCache full:https://registry.npmjs.org/setprototypeof cache-miss
256 http fetch GET 200 https://registry.npmjs.org/setprototypeof 29ms (cache miss)
257 silly packumentCache full:https://registry.npmjs.org/setprototypeof set size:undefined disposed:false
258 silly fetch manifest statuses@~2.0.2
259 silly packumentCache full:https://registry.npmjs.org/statuses cache-miss
260 http fetch GET 200 https://registry.npmjs.org/statuses 9ms (cache hit)
261 silly packumentCache full:https://registry.npmjs.org/statuses set size:37117 disposed:false
262 silly fetch manifest toidentifier@~1.0.1
263 silly packumentCache full:https://registry.npmjs.org/toidentifier cache-miss
264 http fetch GET 200 https://registry.npmjs.org/toidentifier 59ms (cache miss)
265 silly packumentCache full:https://registry.npmjs.org/toidentifier set size:undefined disposed:false
266 silly fetch manifest mime-db@^1.54.0
267 silly packumentCache full:https://registry.npmjs.org/mime-db cache-miss
268 http fetch GET 200 https://registry.npmjs.org/mime-db 34ms (cache miss)
269 silly packumentCache full:https://registry.npmjs.org/mime-db set size:undefined disposed:false
270 silly fetch manifest ee-first@1.1.1
271 silly packumentCache full:https://registry.npmjs.org/ee-first cache-miss
272 http fetch GET 200 https://registry.npmjs.org/ee-first 27ms (cache miss)
273 silly packumentCache full:https://registry.npmjs.org/ee-first set size:undefined disposed:false
274 silly fetch manifest wrappy@1
275 silly packumentCache full:https://registry.npmjs.org/wrappy cache-miss
276 http fetch GET 200 https://registry.npmjs.org/wrappy 24ms (cache miss)
277 silly packumentCache full:https://registry.npmjs.org/wrappy set size:undefined disposed:false
278 silly fetch manifest forwarded@0.2.0
279 silly packumentCache full:https://registry.npmjs.org/forwarded cache-miss
280 http fetch GET 200 https://registry.npmjs.org/forwarded 29ms (cache miss)
281 silly packumentCache full:https://registry.npmjs.org/forwarded set size:undefined disposed:false
282 silly fetch manifest ipaddr.js@1.9.1
283 silly packumentCache full:https://registry.npmjs.org/ipaddr.js cache-miss
284 http fetch GET 200 https://registry.npmjs.org/ipaddr.js 30ms (cache miss)
285 silly packumentCache full:https://registry.npmjs.org/ipaddr.js set size:undefined disposed:false
286 silly fetch manifest side-channel@^1.1.0
287 silly packumentCache full:https://registry.npmjs.org/side-channel cache-miss
288 http fetch GET 200 https://registry.npmjs.org/side-channel 40ms (cache miss)
289 silly packumentCache full:https://registry.npmjs.org/side-channel set size:undefined disposed:false
290 silly fetch manifest is-promise@^4.0.0
291 silly packumentCache full:https://registry.npmjs.org/is-promise cache-miss
292 http fetch GET 200 https://registry.npmjs.org/is-promise 31ms (cache miss)
293 silly packumentCache full:https://registry.npmjs.org/is-promise set size:undefined disposed:false
294 silly fetch manifest path-to-regexp@^8.0.0
295 silly packumentCache full:https://registry.npmjs.org/path-to-regexp cache-miss
296 http fetch GET 200 https://registry.npmjs.org/path-to-regexp 38ms (cache miss)
297 silly packumentCache full:https://registry.npmjs.org/path-to-regexp set size:undefined disposed:false
298 silly fetch manifest statuses@^2.0.2
299 silly packumentCache full:https://registry.npmjs.org/statuses cache-hit
300 silly fetch manifest content-type@^2.0.0
301 silly packumentCache full:https://registry.npmjs.org/content-type cache-miss
302 http fetch GET 200 https://registry.npmjs.org/content-type 5ms (cache hit)
303 silly packumentCache full:https://registry.npmjs.org/content-type set size:18994 disposed:false
304 silly fetch manifest media-typer@^1.1.0
305 silly packumentCache full:https://registry.npmjs.org/media-typer cache-miss
306 http fetch GET 200 https://registry.npmjs.org/media-typer 31ms (cache miss)
307 silly packumentCache full:https://registry.npmjs.org/media-typer set size:undefined disposed:false
308 silly placeDep ROOT negotiator@1.0.0 OK for: accepts@2.0.0 want: ^1.0.0
309 silly placeDep ROOT bytes@3.1.2 OK for: body-parser@2.2.2 want: ^3.1.2
310 silly placeDep ROOT iconv-lite@0.7.2 OK for: body-parser@2.2.2 want: ^0.7.0
311 silly placeDep ROOT raw-body@3.0.2 OK for: body-parser@2.2.2 want: ^3.0.1
312 silly fetch manifest safer-buffer@>= 2.1.2 < 3.0.0
313 silly packumentCache full:https://registry.npmjs.org/safer-buffer cache-miss
314 http fetch GET 200 https://registry.npmjs.org/safer-buffer 31ms (cache miss)
315 silly packumentCache full:https://registry.npmjs.org/safer-buffer set size:undefined disposed:false
316 silly fetch manifest unpipe@~1.0.0
317 silly packumentCache full:https://registry.npmjs.org/unpipe cache-miss
318 http fetch GET 200 https://registry.npmjs.org/unpipe 28ms (cache miss)
319 silly packumentCache full:https://registry.npmjs.org/unpipe set size:undefined disposed:false
320 silly placeDep ROOT ms@2.1.3 OK for: debug@4.4.3 want: ^2.1.3
321 silly placeDep ROOT inherits@2.0.4 OK for: http-errors@2.0.1 want: ~2.0.4
322 silly placeDep ROOT setprototypeof@1.2.0 OK for: http-errors@2.0.1 want: ~1.2.0
323 silly placeDep ROOT toidentifier@1.0.1 OK for: http-errors@2.0.1 want: ~1.0.1
324 silly placeDep ROOT safer-buffer@2.1.2 OK for: iconv-lite@0.7.2 want: >= 2.1.2 < 3.0.0
325 silly placeDep ROOT mime-db@1.54.0 OK for: mime-types@3.0.2 want: ^1.54.0
326 silly placeDep ROOT ee-first@1.1.1 OK for: on-finished@2.4.1 want: 1.1.1
327 silly placeDep ROOT wrappy@1.0.2 OK for: once@1.4.0 want: 1
328 silly placeDep ROOT forwarded@0.2.0 OK for: proxy-addr@2.0.7 want: 0.2.0
329 silly placeDep ROOT ipaddr.js@1.9.1 OK for: proxy-addr@2.0.7 want: 1.9.1
330 silly placeDep ROOT side-channel@1.1.0 OK for: qs@6.15.2 want: ^1.1.0
331 silly fetch manifest es-errors@^1.3.0
332 silly packumentCache full:https://registry.npmjs.org/es-errors cache-miss
333 http fetch GET 200 https://registry.npmjs.org/es-errors 31ms (cache miss)
334 silly packumentCache full:https://registry.npmjs.org/es-errors set size:undefined disposed:false
335 silly fetch manifest object-inspect@^1.13.3
336 silly packumentCache full:https://registry.npmjs.org/object-inspect cache-miss
337 http fetch GET 200 https://registry.npmjs.org/object-inspect 29ms (cache miss)
338 silly packumentCache full:https://registry.npmjs.org/object-inspect set size:undefined disposed:false
339 silly fetch manifest side-channel-list@^1.0.0
340 silly packumentCache full:https://registry.npmjs.org/side-channel-list cache-miss
341 http fetch GET 200 https://registry.npmjs.org/side-channel-list 26ms (cache miss)
342 silly packumentCache full:https://registry.npmjs.org/side-channel-list set size:undefined disposed:false
343 silly fetch manifest side-channel-map@^1.0.1
344 silly packumentCache full:https://registry.npmjs.org/side-channel-map cache-miss
345 http fetch GET 200 https://registry.npmjs.org/side-channel-map 28ms (cache miss)
346 silly packumentCache full:https://registry.npmjs.org/side-channel-map set size:undefined disposed:false
347 silly fetch manifest side-channel-weakmap@^1.0.2
348 silly packumentCache full:https://registry.npmjs.org/side-channel-weakmap cache-miss
349 http fetch GET 200 https://registry.npmjs.org/side-channel-weakmap 43ms (cache miss)
350 silly packumentCache full:https://registry.npmjs.org/side-channel-weakmap set size:undefined disposed:false
351 silly placeDep ROOT unpipe@1.0.0 OK for: raw-body@3.0.2 want: ~1.0.0
352 silly placeDep ROOT is-promise@4.0.0 OK for: router@2.2.0 want: ^4.0.0
353 silly placeDep ROOT path-to-regexp@8.4.2 OK for: router@2.2.0 want: ^8.0.0
354 silly placeDep ROOT es-errors@1.3.0 OK for: side-channel@1.1.0 want: ^1.3.0
355 silly placeDep ROOT object-inspect@1.13.4 OK for: side-channel@1.1.0 want: ^1.13.3
356 silly placeDep ROOT side-channel-list@1.0.1 OK for: side-channel@1.1.0 want: ^1.0.0
357 silly placeDep ROOT side-channel-map@1.0.1 OK for: side-channel@1.1.0 want: ^1.0.1
358 silly placeDep ROOT side-channel-weakmap@1.0.2 OK for: side-channel@1.1.0 want: ^1.0.2
359 silly fetch manifest call-bound@^1.0.2
360 silly packumentCache full:https://registry.npmjs.org/call-bound cache-miss
361 http fetch GET 200 https://registry.npmjs.org/call-bound 28ms (cache miss)
362 silly packumentCache full:https://registry.npmjs.org/call-bound set size:undefined disposed:false
363 silly fetch manifest get-intrinsic@^1.2.5
364 silly packumentCache full:https://registry.npmjs.org/get-intrinsic cache-miss
365 http fetch GET 200 https://registry.npmjs.org/get-intrinsic 30ms (cache miss)
366 silly packumentCache full:https://registry.npmjs.org/get-intrinsic set size:undefined disposed:false
367 silly placeDep ROOT call-bound@1.0.4 OK for: side-channel-map@1.0.1 want: ^1.0.2
368 silly placeDep ROOT get-intrinsic@1.3.0 OK for: side-channel-map@1.0.1 want: ^1.2.5
369 silly fetch manifest call-bind-apply-helpers@^1.0.2
370 silly packumentCache full:https://registry.npmjs.org/call-bind-apply-helpers cache-miss
371 http fetch GET 200 https://registry.npmjs.org/call-bind-apply-helpers 44ms (cache miss)
372 silly packumentCache full:https://registry.npmjs.org/call-bind-apply-helpers set size:undefined disposed:false
373 silly fetch manifest get-intrinsic@^1.3.0
374 silly packumentCache full:https://registry.npmjs.org/get-intrinsic cache-miss
375 http fetch GET 200 https://registry.npmjs.org/get-intrinsic 5ms (cache hit)
376 silly packumentCache full:https://registry.npmjs.org/get-intrinsic set size:60985 disposed:false
377 silly fetch manifest gopd@^1.2.0
378 silly packumentCache full:https://registry.npmjs.org/gopd cache-miss
379 http fetch GET 200 https://registry.npmjs.org/gopd 28ms (cache miss)
380 silly packumentCache full:https://registry.npmjs.org/gopd set size:undefined disposed:false
381 silly fetch manifest hasown@^2.0.2
382 silly packumentCache full:https://registry.npmjs.org/hasown cache-miss
383 http fetch GET 200 https://registry.npmjs.org/hasown 25ms (cache miss)
384 silly packumentCache full:https://registry.npmjs.org/hasown set size:undefined disposed:false
385 silly fetch manifest get-proto@^1.0.1
386 silly packumentCache full:https://registry.npmjs.org/get-proto cache-miss
387 http fetch GET 200 https://registry.npmjs.org/get-proto 25ms (cache miss)
388 silly packumentCache full:https://registry.npmjs.org/get-proto set size:undefined disposed:false
389 silly fetch manifest has-symbols@^1.1.0
390 silly packumentCache full:https://registry.npmjs.org/has-symbols cache-miss
391 http fetch GET 200 https://registry.npmjs.org/has-symbols 30ms (cache miss)
392 silly packumentCache full:https://registry.npmjs.org/has-symbols set size:undefined disposed:false
393 silly fetch manifest function-bind@^1.1.2
394 silly packumentCache full:https://registry.npmjs.org/function-bind cache-miss
395 http fetch GET 200 https://registry.npmjs.org/function-bind 27ms (cache miss)
396 silly packumentCache full:https://registry.npmjs.org/function-bind set size:undefined disposed:false
397 silly fetch manifest es-object-atoms@^1.1.1
398 silly packumentCache full:https://registry.npmjs.org/es-object-atoms cache-miss
399 http fetch GET 200 https://registry.npmjs.org/es-object-atoms 32ms (cache miss)
400 silly packumentCache full:https://registry.npmjs.org/es-object-atoms set size:undefined disposed:false
401 silly fetch manifest math-intrinsics@^1.1.0
402 silly packumentCache full:https://registry.npmjs.org/math-intrinsics cache-miss
403 http fetch GET 200 https://registry.npmjs.org/math-intrinsics 27ms (cache miss)
404 silly packumentCache full:https://registry.npmjs.org/math-intrinsics set size:undefined disposed:false
405 silly fetch manifest es-define-property@^1.0.1
406 silly packumentCache full:https://registry.npmjs.org/es-define-property cache-miss
407 http fetch GET 200 https://registry.npmjs.org/es-define-property 26ms (cache miss)
408 silly packumentCache full:https://registry.npmjs.org/es-define-property set size:undefined disposed:false
409 silly placeDep ROOT call-bind-apply-helpers@1.0.2 OK for: call-bound@1.0.4 want: ^1.0.2
410 silly placeDep ROOT function-bind@1.1.2 OK for: call-bind-apply-helpers@1.0.2 want: ^1.1.2
411 silly placeDep ROOT es-define-property@1.0.1 OK for: get-intrinsic@1.3.0 want: ^1.0.1
412 silly placeDep ROOT es-object-atoms@1.1.1 OK for: get-intrinsic@1.3.0 want: ^1.1.1
413 silly placeDep ROOT get-proto@1.0.1 OK for: get-intrinsic@1.3.0 want: ^1.0.1
414 silly placeDep ROOT gopd@1.2.0 OK for: get-intrinsic@1.3.0 want: ^1.2.0
415 silly placeDep ROOT has-symbols@1.1.0 OK for: get-intrinsic@1.3.0 want: ^1.1.0
416 silly placeDep ROOT hasown@2.0.3 OK for: get-intrinsic@1.3.0 want: ^2.0.2
417 silly placeDep ROOT math-intrinsics@1.1.0 OK for: get-intrinsic@1.3.0 want: ^1.1.0
418 silly fetch manifest dunder-proto@^1.0.1
419 silly packumentCache full:https://registry.npmjs.org/dunder-proto cache-miss
420 http fetch GET 200 https://registry.npmjs.org/dunder-proto 32ms (cache miss)
421 silly packumentCache full:https://registry.npmjs.org/dunder-proto set size:undefined disposed:false
422 silly placeDep ROOT dunder-proto@1.0.1 OK for: get-proto@1.0.1 want: ^1.0.1
423 silly placeDep node_modules/type-is content-type@2.0.0 OK for: type-is@2.1.0 want: ^2.0.0
424 silly placeDep ROOT media-typer@1.1.0 OK for: type-is@2.1.0 want: ^1.1.0
425 silly reify moves {}
426 silly audit bulk request {
426 silly audit   '@supabase/supabase-js': [ '2.105.4' ],
426 silly audit   cors: [ '2.8.6' ],
426 silly audit   dotenv: [ '17.4.2' ],
426 silly audit   express: [ '5.2.1' ],
426 silly audit   '@supabase/auth-js': [ '2.105.4' ],
426 silly audit   '@supabase/functions-js': [ '2.105.4' ],
426 silly audit   '@supabase/postgrest-js': [ '2.105.4' ],
426 silly audit   '@supabase/realtime-js': [ '2.105.4' ],
426 silly audit   '@supabase/storage-js': [ '2.105.4' ],
426 silly audit   tslib: [ '2.8.1' ],
426 silly audit   '@supabase/phoenix': [ '0.4.2' ],
426 silly audit   'iceberg-js': [ '0.8.1' ],
426 silly audit   'object-assign': [ '4.1.1' ],
426 silly audit   vary: [ '1.1.2' ],
426 silly audit   accepts: [ '2.0.0' ],
426 silly audit   'body-parser': [ '2.2.2' ],
426 silly audit   'content-disposition': [ '1.1.0' ],
426 silly audit   'content-type': [ '1.0.5', '2.0.0' ],
426 silly audit   cookie: [ '0.7.2' ],
426 silly audit   'cookie-signature': [ '1.2.2' ],
426 silly audit   debug: [ '4.4.3' ],
426 silly audit   depd: [ '2.0.0' ],
426 silly audit   encodeurl: [ '2.0.0' ],
426 silly audit   'escape-html': [ '1.0.3' ],
426 silly audit   etag: [ '1.8.1' ],
426 silly audit   finalhandler: [ '2.1.1' ],
426 silly audit   fresh: [ '2.0.0' ],
426 silly audit   'http-errors': [ '2.0.1' ],
426 silly audit   'merge-descriptors': [ '2.0.0' ],
426 silly audit   'mime-types': [ '3.0.2' ],
426 silly audit   'on-finished': [ '2.4.1' ],
426 silly audit   once: [ '1.4.0' ],
426 silly audit   parseurl: [ '1.3.3' ],
426 silly audit   'proxy-addr': [ '2.0.7' ],
426 silly audit   qs: [ '6.15.2' ],
426 silly audit   'range-parser': [ '1.2.1' ],
426 silly audit   router: [ '2.2.0' ],
426 silly audit   send: [ '1.2.1' ],
426 silly audit   'serve-static': [ '2.2.1' ],
426 silly audit   statuses: [ '2.0.2' ],
426 silly audit   'type-is': [ '2.1.0' ],
426 silly audit   negotiator: [ '1.0.0' ],
426 silly audit   bytes: [ '3.1.2' ],
426 silly audit   'iconv-lite': [ '0.7.2' ],
426 silly audit   'raw-body': [ '3.0.2' ],
426 silly audit   ms: [ '2.1.3' ],
426 silly audit   inherits: [ '2.0.4' ],
426 silly audit   setprototypeof: [ '1.2.0' ],
426 silly audit   toidentifier: [ '1.0.1' ],
426 silly audit   'safer-buffer': [ '2.1.2' ],
426 silly audit   'mime-db': [ '1.54.0' ],
426 silly audit   'ee-first': [ '1.1.1' ],
426 silly audit   wrappy: [ '1.0.2' ],
426 silly audit   forwarded: [ '0.2.0' ],
426 silly audit   'ipaddr.js': [ '1.9.1' ],
426 silly audit   'side-channel': [ '1.1.0' ],
426 silly audit   unpipe: [ '1.0.0' ],
426 silly audit   'is-promise': [ '4.0.0' ],
426 silly audit   'path-to-regexp': [ '8.4.2' ],
426 silly audit   'es-errors': [ '1.3.0' ],
426 silly audit   'object-inspect': [ '1.13.4' ],
426 silly audit   'side-channel-list': [ '1.0.1' ],
426 silly audit   'side-channel-map': [ '1.0.1' ],
426 silly audit   'side-channel-weakmap': [ '1.0.2' ],
426 silly audit   'call-bound': [ '1.0.4' ],
426 silly audit   'get-intrinsic': [ '1.3.0' ],
426 silly audit   'call-bind-apply-helpers': [ '1.0.2' ],
426 silly audit   'function-bind': [ '1.1.2' ],
426 silly audit   'es-define-property': [ '1.0.1' ],
426 silly audit   'es-object-atoms': [ '1.1.1' ],
426 silly audit   'get-proto': [ '1.0.1' ],
426 silly audit   gopd: [ '1.2.0' ],
426 silly audit   'has-symbols': [ '1.1.0' ],
426 silly audit   hasown: [ '2.0.3' ],
426 silly audit   'math-intrinsics': [ '1.1.0' ],
426 silly audit   'dunder-proto': [ '1.0.1' ],
426 silly audit   'media-typer': [ '1.1.0' ]
426 silly audit }
427 silly tarball no local data for media-typer@https://registry.npmjs.org/media-typer/-/media-typer-1.1.0.tgz. Extracting by manifest.
428 silly tarball no local data for dunder-proto@https://registry.npmjs.org/dunder-proto/-/dunder-proto-1.0.1.tgz. Extracting by manifest.
429 silly tarball no local data for math-intrinsics@https://registry.npmjs.org/math-intrinsics/-/math-intrinsics-1.1.0.tgz. Extracting by manifest.
430 silly tarball no local data for hasown@https://registry.npmjs.org/hasown/-/hasown-2.0.3.tgz. Extracting by manifest.
431 silly tarball no local data for has-symbols@https://registry.npmjs.org/has-symbols/-/has-symbols-1.1.0.tgz. Extracting by manifest.
432 silly tarball no local data for get-proto@https://registry.npmjs.org/get-proto/-/get-proto-1.0.1.tgz. Extracting by manifest.
433 silly tarball no local data for gopd@https://registry.npmjs.org/gopd/-/gopd-1.2.0.tgz. Extracting by manifest.
434 silly tarball no local data for es-object-atoms@https://registry.npmjs.org/es-object-atoms/-/es-object-atoms-1.1.1.tgz. Extracting by manifest.
435 silly tarball no local data for es-define-property@https://registry.npmjs.org/es-define-property/-/es-define-property-1.0.1.tgz. Extracting by manifest.
436 silly tarball no local data for function-bind@https://registry.npmjs.org/function-bind/-/function-bind-1.1.2.tgz. Extracting by manifest.
437 silly tarball no local data for call-bind-apply-helpers@https://registry.npmjs.org/call-bind-apply-helpers/-/call-bind-apply-helpers-1.0.2.tgz. Extracting by manifest.
438 silly tarball no local data for get-intrinsic@https://registry.npmjs.org/get-intrinsic/-/get-intrinsic-1.3.0.tgz. Extracting by manifest.
439 silly tarball no local data for call-bound@https://registry.npmjs.org/call-bound/-/call-bound-1.0.4.tgz. Extracting by manifest.
440 silly tarball no local data for side-channel-weakmap@https://registry.npmjs.org/side-channel-weakmap/-/side-channel-weakmap-1.0.2.tgz. Extracting by manifest.
441 silly tarball no local data for side-channel-map@https://registry.npmjs.org/side-channel-map/-/side-channel-map-1.0.1.tgz. Extracting by manifest.
442 silly tarball no local data for side-channel-list@https://registry.npmjs.org/side-channel-list/-/side-channel-list-1.0.1.tgz. Extracting by manifest.
443 silly tarball no local data for object-inspect@https://registry.npmjs.org/object-inspect/-/object-inspect-1.13.4.tgz. Extracting by manifest.
444 silly tarball no local data for es-errors@https://registry.npmjs.org/es-errors/-/es-errors-1.3.0.tgz. Extracting by manifest.
445 silly tarball no local data for path-to-regexp@https://registry.npmjs.org/path-to-regexp/-/path-to-regexp-8.4.2.tgz. Extracting by manifest.
446 silly tarball no local data for is-promise@https://registry.npmjs.org/is-promise/-/is-promise-4.0.0.tgz. Extracting by manifest.
447 silly tarball no local data for unpipe@https://registry.npmjs.org/unpipe/-/unpipe-1.0.0.tgz. Extracting by manifest.
448 silly tarball no local data for side-channel@https://registry.npmjs.org/side-channel/-/side-channel-1.1.0.tgz. Extracting by manifest.
449 silly tarball no local data for ipaddr.js@https://registry.npmjs.org/ipaddr.js/-/ipaddr.js-1.9.1.tgz. Extracting by manifest.
450 silly tarball no local data for forwarded@https://registry.npmjs.org/forwarded/-/forwarded-0.2.0.tgz. Extracting by manifest.
451 silly tarball no local data for wrappy@https://registry.npmjs.org/wrappy/-/wrappy-1.0.2.tgz. Extracting by manifest.
452 silly tarball no local data for ee-first@https://registry.npmjs.org/ee-first/-/ee-first-1.1.1.tgz. Extracting by manifest.
453 silly tarball no local data for mime-db@https://registry.npmjs.org/mime-db/-/mime-db-1.54.0.tgz. Extracting by manifest.
454 silly tarball no local data for safer-buffer@https://registry.npmjs.org/safer-buffer/-/safer-buffer-2.1.2.tgz. Extracting by manifest.
455 silly tarball no local data for toidentifier@https://registry.npmjs.org/toidentifier/-/toidentifier-1.0.1.tgz. Extracting by manifest.
456 silly tarball no local data for setprototypeof@https://registry.npmjs.org/setprototypeof/-/setprototypeof-1.2.0.tgz. Extracting by manifest.
457 silly tarball no local data for inherits@https://registry.npmjs.org/inherits/-/inherits-2.0.4.tgz. Extracting by manifest.
458 silly tarball no local data for ms@https://registry.npmjs.org/ms/-/ms-2.1.3.tgz. Extracting by manifest.
459 silly tarball no local data for raw-body@https://registry.npmjs.org/raw-body/-/raw-body-3.0.2.tgz. Extracting by manifest.
460 silly tarball no local data for iconv-lite@https://registry.npmjs.org/iconv-lite/-/iconv-lite-0.7.2.tgz. Extracting by manifest.
461 silly tarball no local data for bytes@https://registry.npmjs.org/bytes/-/bytes-3.1.2.tgz. Extracting by manifest.
462 silly tarball no local data for negotiator@https://registry.npmjs.org/negotiator/-/negotiator-1.0.0.tgz. Extracting by manifest.
463 silly tarball no local data for type-is@https://registry.npmjs.org/type-is/-/type-is-2.1.0.tgz. Extracting by manifest.
464 silly tarball no local data for statuses@https://registry.npmjs.org/statuses/-/statuses-2.0.2.tgz. Extracting by manifest.
465 silly tarball no local data for serve-static@https://registry.npmjs.org/serve-static/-/serve-static-2.2.1.tgz. Extracting by manifest.
466 silly tarball no local data for send@https://registry.npmjs.org/send/-/send-1.2.1.tgz. Extracting by manifest.
467 silly tarball no local data for router@https://registry.npmjs.org/router/-/router-2.2.0.tgz. Extracting by manifest.
468 silly tarball no local data for range-parser@https://registry.npmjs.org/range-parser/-/range-parser-1.2.1.tgz. Extracting by manifest.
469 silly tarball no local data for qs@https://registry.npmjs.org/qs/-/qs-6.15.2.tgz. Extracting by manifest.
470 silly tarball no local data for proxy-addr@https://registry.npmjs.org/proxy-addr/-/proxy-addr-2.0.7.tgz. Extracting by manifest.
471 silly tarball no local data for parseurl@https://registry.npmjs.org/parseurl/-/parseurl-1.3.3.tgz. Extracting by manifest.
472 silly tarball no local data for once@https://registry.npmjs.org/once/-/once-1.4.0.tgz. Extracting by manifest.
473 silly tarball no local data for on-finished@https://registry.npmjs.org/on-finished/-/on-finished-2.4.1.tgz. Extracting by manifest.
474 silly tarball no local data for mime-types@https://registry.npmjs.org/mime-types/-/mime-types-3.0.2.tgz. Extracting by manifest.
475 silly tarball no local data for merge-descriptors@https://registry.npmjs.org/merge-descriptors/-/merge-descriptors-2.0.0.tgz. Extracting by manifest.
476 silly tarball no local data for http-errors@https://registry.npmjs.org/http-errors/-/http-errors-2.0.1.tgz. Extracting by manifest.
477 silly tarball no local data for fresh@https://registry.npmjs.org/fresh/-/fresh-2.0.0.tgz. Extracting by manifest.
478 silly tarball no local data for finalhandler@https://registry.npmjs.org/finalhandler/-/finalhandler-2.1.1.tgz. Extracting by manifest.
479 silly tarball no local data for etag@https://registry.npmjs.org/etag/-/etag-1.8.1.tgz. Extracting by manifest.
480 silly tarball no local data for escape-html@https://registry.npmjs.org/escape-html/-/escape-html-1.0.3.tgz. Extracting by manifest.
481 silly tarball no local data for encodeurl@https://registry.npmjs.org/encodeurl/-/encodeurl-2.0.0.tgz. Extracting by manifest.
482 silly tarball no local data for depd@https://registry.npmjs.org/depd/-/depd-2.0.0.tgz. Extracting by manifest.
483 silly tarball no local data for debug@https://registry.npmjs.org/debug/-/debug-4.4.3.tgz. Extracting by manifest.
484 silly tarball no local data for cookie-signature@https://registry.npmjs.org/cookie-signature/-/cookie-signature-1.2.2.tgz. Extracting by manifest.
485 silly tarball no local data for cookie@https://registry.npmjs.org/cookie/-/cookie-0.7.2.tgz. Extracting by manifest.
486 silly tarball no local data for content-type@https://registry.npmjs.org/content-type/-/content-type-1.0.5.tgz. Extracting by manifest.
487 silly tarball no local data for content-disposition@https://registry.npmjs.org/content-disposition/-/content-disposition-1.1.0.tgz. Extracting by manifest.
488 silly tarball no local data for body-parser@https://registry.npmjs.org/body-parser/-/body-parser-2.2.2.tgz. Extracting by manifest.
489 silly tarball no local data for accepts@https://registry.npmjs.org/accepts/-/accepts-2.0.0.tgz. Extracting by manifest.
490 silly tarball no local data for vary@https://registry.npmjs.org/vary/-/vary-1.1.2.tgz. Extracting by manifest.
491 silly tarball no local data for object-assign@https://registry.npmjs.org/object-assign/-/object-assign-4.1.1.tgz. Extracting by manifest.
492 silly tarball no local data for iceberg-js@https://registry.npmjs.org/iceberg-js/-/iceberg-js-0.8.1.tgz. Extracting by manifest.
493 silly tarball no local data for @supabase/phoenix@https://registry.npmjs.org/@supabase/phoenix/-/phoenix-0.4.2.tgz. Extracting by manifest.
494 silly tarball no local data for tslib@https://registry.npmjs.org/tslib/-/tslib-2.8.1.tgz. Extracting by manifest.
495 silly tarball no local data for @supabase/storage-js@https://registry.npmjs.org/@supabase/storage-js/-/storage-js-2.105.4.tgz. Extracting by manifest.
496 silly tarball no local data for @supabase/realtime-js@https://registry.npmjs.org/@supabase/realtime-js/-/realtime-js-2.105.4.tgz. Extracting by manifest.
497 silly tarball no local data for @supabase/postgrest-js@https://registry.npmjs.org/@supabase/postgrest-js/-/postgrest-js-2.105.4.tgz. Extracting by manifest.
498 silly tarball no local data for @supabase/functions-js@https://registry.npmjs.org/@supabase/functions-js/-/functions-js-2.105.4.tgz. Extracting by manifest.
499 silly tarball no local data for @supabase/auth-js@https://registry.npmjs.org/@supabase/auth-js/-/auth-js-2.105.4.tgz. Extracting by manifest.
500 silly tarball no local data for express@https://registry.npmjs.org/express/-/express-5.2.1.tgz. Extracting by manifest.
501 silly tarball no local data for dotenv@https://registry.npmjs.org/dotenv/-/dotenv-17.4.2.tgz. Extracting by manifest.
502 silly tarball no local data for cors@https://registry.npmjs.org/cors/-/cors-2.8.6.tgz. Extracting by manifest.
503 silly tarball no local data for @supabase/supabase-js@https://registry.npmjs.org/@supabase/supabase-js/-/supabase-js-2.105.4.tgz. Extracting by manifest.
504 silly tarball no local data for content-type@https://registry.npmjs.org/content-type/-/content-type-2.0.0.tgz. Extracting by manifest.
505 http fetch POST 200 https://registry.npmjs.org/-/npm/v1/security/advisories/bulk 316ms
506 silly audit report {}
507 http fetch GET 200 https://registry.npmjs.org/side-channel-map/-/side-channel-map-1.0.1.tgz 981ms (cache miss)
508 http fetch GET 200 https://registry.npmjs.org/hasown/-/hasown-2.0.3.tgz 1021ms (cache miss)
509 http fetch GET 200 https://registry.npmjs.org/is-promise/-/is-promise-4.0.0.tgz 1029ms (cache miss)
510 http fetch GET 200 https://registry.npmjs.org/get-proto/-/get-proto-1.0.1.tgz 1065ms (cache miss)
511 http fetch GET 200 https://registry.npmjs.org/merge-descriptors/-/merge-descriptors-2.0.0.tgz 1012ms (cache miss)
512 http fetch GET 200 https://registry.npmjs.org/unpipe/-/unpipe-1.0.0.tgz 1065ms (cache miss)
513 http fetch GET 200 https://registry.npmjs.org/es-errors/-/es-errors-1.3.0.tgz 1070ms (cache miss)
514 http fetch GET 200 https://registry.npmjs.org/setprototypeof/-/setprototypeof-1.2.0.tgz 1052ms (cache miss)
515 http fetch GET 200 https://registry.npmjs.org/toidentifier/-/toidentifier-1.0.1.tgz 1054ms (cache miss)
516 http fetch GET 200 https://registry.npmjs.org/wrappy/-/wrappy-1.0.2.tgz 1067ms (cache miss)
517 http fetch GET 200 https://registry.npmjs.org/forwarded/-/forwarded-0.2.0.tgz 1086ms (cache miss)
518 http fetch GET 200 https://registry.npmjs.org/once/-/once-1.4.0.tgz 1051ms (cache miss)
519 http fetch GET 200 https://registry.npmjs.org/on-finished/-/on-finished-2.4.1.tgz 1051ms (cache miss)
520 http fetch GET 200 https://registry.npmjs.org/gopd/-/gopd-1.2.0.tgz 1115ms (cache miss)
521 http fetch GET 200 https://registry.npmjs.org/ee-first/-/ee-first-1.1.1.tgz 1094ms (cache miss)
522 http fetch GET 200 https://registry.npmjs.org/statuses/-/statuses-2.0.2.tgz 1075ms (cache miss)
523 http fetch GET 200 https://registry.npmjs.org/negotiator/-/negotiator-1.0.0.tgz 1078ms (cache miss)
524 http fetch GET 200 https://registry.npmjs.org/escape-html/-/escape-html-1.0.3.tgz 1057ms (cache miss)
525 http fetch GET 200 https://registry.npmjs.org/content-type/-/content-type-2.0.0.tgz 893ms (cache miss)
526 http fetch GET 200 https://registry.npmjs.org/side-channel-list/-/side-channel-list-1.0.1.tgz 1111ms (cache miss)
527 http fetch GET 200 https://registry.npmjs.org/es-define-property/-/es-define-property-1.0.1.tgz 1126ms (cache miss)
528 http fetch GET 200 https://registry.npmjs.org/media-typer/-/media-typer-1.1.0.tgz 1137ms (cache miss)
529 http fetch GET 200 https://registry.npmjs.org/inherits/-/inherits-2.0.4.tgz 1095ms (cache miss)
530 http fetch GET 200 https://registry.npmjs.org/side-channel-weakmap/-/side-channel-weakmap-1.0.2.tgz 1119ms (cache miss)
531 http fetch GET 200 https://registry.npmjs.org/cookie-signature/-/cookie-signature-1.2.2.tgz 1066ms (cache miss)
532 http fetch GET 200 https://registry.npmjs.org/finalhandler/-/finalhandler-2.1.1.tgz 1072ms (cache miss)
533 http fetch GET 200 https://registry.npmjs.org/es-object-atoms/-/es-object-atoms-1.1.1.tgz 1139ms (cache miss)
534 http fetch GET 200 https://registry.npmjs.org/ms/-/ms-2.1.3.tgz 1107ms (cache miss)
535 http fetch GET 200 https://registry.npmjs.org/encodeurl/-/encodeurl-2.0.0.tgz 1081ms (cache miss)
536 http fetch GET 200 https://registry.npmjs.org/accepts/-/accepts-2.0.0.tgz 1067ms (cache miss)
537 http fetch GET 200 https://registry.npmjs.org/serve-static/-/serve-static-2.2.1.tgz 1120ms (cache miss)
538 http fetch GET 200 https://registry.npmjs.org/bytes/-/bytes-3.1.2.tgz 1126ms (cache miss)
539 http fetch GET 200 https://registry.npmjs.org/content-type/-/content-type-1.0.5.tgz 1089ms (cache miss)
540 http fetch GET 200 https://registry.npmjs.org/fresh/-/fresh-2.0.0.tgz 1106ms (cache miss)
541 http fetch GET 200 https://registry.npmjs.org/object-assign/-/object-assign-4.1.1.tgz 1087ms (cache miss)
542 http fetch GET 200 https://registry.npmjs.org/type-is/-/type-is-2.1.0.tgz 1134ms (cache miss)
543 http fetch GET 200 https://registry.npmjs.org/http-errors/-/http-errors-2.0.1.tgz 1116ms (cache miss)
544 http fetch GET 200 https://registry.npmjs.org/range-parser/-/range-parser-1.2.1.tgz 1131ms (cache miss)
545 http fetch GET 200 https://registry.npmjs.org/parseurl/-/parseurl-1.3.3.tgz 1123ms (cache miss)
546 http fetch GET 200 https://registry.npmjs.org/cors/-/cors-2.8.6.tgz 1064ms (cache miss)
547 http fetch GET 200 https://registry.npmjs.org/call-bind-apply-helpers/-/call-bind-apply-helpers-1.0.2.tgz 1180ms (cache miss)
548 http fetch GET 200 https://registry.npmjs.org/ipaddr.js/-/ipaddr.js-1.9.1.tgz 1166ms (cache miss)
549 http fetch GET 200 https://registry.npmjs.org/raw-body/-/raw-body-3.0.2.tgz 1148ms (cache miss)
550 http fetch GET 200 https://registry.npmjs.org/mime-types/-/mime-types-3.0.2.tgz 1128ms (cache miss)
551 http fetch GET 200 https://registry.npmjs.org/proxy-addr/-/proxy-addr-2.0.7.tgz 1133ms (cache miss)
552 http fetch GET 200 https://registry.npmjs.org/etag/-/etag-1.8.1.tgz 1125ms (cache miss)
553 http fetch GET 200 https://registry.npmjs.org/send/-/send-1.2.1.tgz 1146ms (cache miss)
554 http fetch GET 200 https://registry.npmjs.org/content-disposition/-/content-disposition-1.1.0.tgz 1117ms (cache miss)
555 http fetch GET 200 https://registry.npmjs.org/vary/-/vary-1.1.2.tgz 1115ms (cache miss)
556 http fetch GET 200 https://registry.npmjs.org/dunder-proto/-/dunder-proto-1.0.1.tgz 1208ms (cache miss)
557 http fetch GET 200 https://registry.npmjs.org/depd/-/depd-2.0.0.tgz 1137ms (cache miss)
558 http fetch GET 200 https://registry.npmjs.org/debug/-/debug-4.4.3.tgz 1137ms (cache miss)
559 http fetch GET 200 https://registry.npmjs.org/cookie/-/cookie-0.7.2.tgz 1127ms (cache miss)
560 http fetch GET 200 https://registry.npmjs.org/call-bound/-/call-bound-1.0.4.tgz 1199ms (cache miss)
561 http fetch GET 200 https://registry.npmjs.org/side-channel/-/side-channel-1.1.0.tgz 1197ms (cache miss)
562 http fetch GET 200 https://registry.npmjs.org/safer-buffer/-/safer-buffer-2.1.2.tgz 1185ms (cache miss)
563 http fetch GET 200 https://registry.npmjs.org/function-bind/-/function-bind-1.1.2.tgz 1223ms (cache miss)
564 http fetch GET 200 https://registry.npmjs.org/path-to-regexp/-/path-to-regexp-8.4.2.tgz 1209ms (cache miss)
565 http fetch GET 200 https://registry.npmjs.org/mime-db/-/mime-db-1.54.0.tgz 1211ms (cache miss)
566 http fetch GET 200 https://registry.npmjs.org/has-symbols/-/has-symbols-1.1.0.tgz 1243ms (cache miss)
567 http fetch GET 200 https://registry.npmjs.org/get-intrinsic/-/get-intrinsic-1.3.0.tgz 1245ms (cache miss)
568 http fetch GET 200 https://registry.npmjs.org/router/-/router-2.2.0.tgz 1223ms (cache miss)
569 http fetch GET 200 https://registry.npmjs.org/iceberg-js/-/iceberg-js-0.8.1.tgz 1197ms (cache miss)
570 http fetch GET 200 https://registry.npmjs.org/body-parser/-/body-parser-2.2.2.tgz 1247ms (cache miss)
571 http fetch GET 200 https://registry.npmjs.org/math-intrinsics/-/math-intrinsics-1.1.0.tgz 1335ms (cache miss)
572 http fetch GET 200 https://registry.npmjs.org/tslib/-/tslib-2.8.1.tgz 1258ms (cache miss)
573 http fetch GET 200 https://registry.npmjs.org/express/-/express-5.2.1.tgz 1268ms (cache miss)
574 http fetch GET 200 https://registry.npmjs.org/dotenv/-/dotenv-17.4.2.tgz 1290ms (cache miss)
575 http fetch GET 200 https://registry.npmjs.org/object-inspect/-/object-inspect-1.13.4.tgz 1406ms (cache miss)
576 http fetch GET 200 https://registry.npmjs.org/qs/-/qs-6.15.2.tgz 1376ms (cache miss)
577 http fetch GET 200 https://registry.npmjs.org/@supabase/supabase-js/-/supabase-js-2.105.4.tgz 1359ms (cache miss)
578 http fetch GET 200 https://registry.npmjs.org/@supabase/functions-js/-/functions-js-2.105.4.tgz 1408ms (cache miss)
579 http fetch GET 200 https://registry.npmjs.org/iconv-lite/-/iconv-lite-0.7.2.tgz 1474ms (cache miss)
580 http fetch GET 200 https://registry.npmjs.org/@supabase/phoenix/-/phoenix-0.4.2.tgz 1429ms (cache miss)
581 http fetch GET 200 https://registry.npmjs.org/@supabase/storage-js/-/storage-js-2.105.4.tgz 1456ms (cache miss)
582 http fetch GET 200 https://registry.npmjs.org/@supabase/postgrest-js/-/postgrest-js-2.105.4.tgz 1488ms (cache miss)
583 http fetch GET 200 https://registry.npmjs.org/@supabase/realtime-js/-/realtime-js-2.105.4.tgz 1557ms (cache miss)
584 http fetch GET 200 https://registry.npmjs.org/@supabase/auth-js/-/auth-js-2.105.4.tgz 1601ms (cache miss)
585 silly ADD node_modules/media-typer
586 silly ADD node_modules/dunder-proto
587 silly ADD node_modules/math-intrinsics
588 silly ADD node_modules/hasown
589 silly ADD node_modules/has-symbols
590 silly ADD node_modules/gopd
591 silly ADD node_modules/get-proto
592 silly ADD node_modules/es-object-atoms
593 silly ADD node_modules/es-define-property
594 silly ADD node_modules/function-bind
595 silly ADD node_modules/call-bind-apply-helpers
596 silly ADD node_modules/get-intrinsic
597 silly ADD node_modules/call-bound
598 silly ADD node_modules/side-channel-weakmap
599 silly ADD node_modules/side-channel-map
600 silly ADD node_modules/side-channel-list
601 silly ADD node_modules/object-inspect
602 silly ADD node_modules/es-errors
603 silly ADD node_modules/path-to-regexp
604 silly ADD node_modules/is-promise
605 silly ADD node_modules/unpipe
606 silly ADD node_modules/side-channel
607 silly ADD node_modules/ipaddr.js
608 silly ADD node_modules/forwarded
609 silly ADD node_modules/wrappy
610 silly ADD node_modules/ee-first
611 silly ADD node_modules/mime-db
612 silly ADD node_modules/safer-buffer
613 silly ADD node_modules/toidentifier
614 silly ADD node_modules/setprototypeof
615 silly ADD node_modules/inherits
616 silly ADD node_modules/ms
617 silly ADD node_modules/raw-body
618 silly ADD node_modules/iconv-lite
619 silly ADD node_modules/bytes
620 silly ADD node_modules/negotiator
621 silly ADD node_modules/type-is
622 silly ADD node_modules/type-is/node_modules/content-type
623 silly ADD node_modules/statuses
624 silly ADD node_modules/serve-static
625 silly ADD node_modules/send
626 silly ADD node_modules/router
627 silly ADD node_modules/range-parser
628 silly ADD node_modules/qs
629 silly ADD node_modules/proxy-addr
630 silly ADD node_modules/parseurl
631 silly ADD node_modules/once
632 silly ADD node_modules/on-finished
633 silly ADD node_modules/mime-types
634 silly ADD node_modules/merge-descriptors
635 silly ADD node_modules/http-errors
636 silly ADD node_modules/fresh
637 silly ADD node_modules/finalhandler
638 silly ADD node_modules/etag
639 silly ADD node_modules/escape-html
640 silly ADD node_modules/encodeurl
641 silly ADD node_modules/depd
642 silly ADD node_modules/debug
643 silly ADD node_modules/cookie-signature
644 silly ADD node_modules/cookie
645 silly ADD node_modules/content-type
646 silly ADD node_modules/content-disposition
647 silly ADD node_modules/body-parser
648 silly ADD node_modules/accepts
649 silly ADD node_modules/vary
650 silly ADD node_modules/object-assign
651 silly ADD node_modules/iceberg-js
652 silly ADD node_modules/@supabase/phoenix
653 silly ADD node_modules/tslib
654 silly ADD node_modules/@supabase/storage-js
655 silly ADD node_modules/@supabase/realtime-js
656 silly ADD node_modules/@supabase/postgrest-js
657 silly ADD node_modules/@supabase/functions-js
658 silly ADD node_modules/@supabase/auth-js
659 silly ADD node_modules/express
660 silly ADD node_modules/dotenv
661 silly ADD node_modules/cors
662 silly ADD node_modules/@supabase/supabase-js
663 verbose cwd /home/manikandarajsmart
664 verbose os Linux 6.8.0-1058-gcp
665 verbose node v20.20.2
666 verbose npm  v10.8.2
667 verbose exit 0
668 info ok
