0 verbose cli /usr/bin/node /usr/bin/npm
1 info using npm@10.8.2
2 info using node@v20.20.2
3 silly config load:file:/usr/lib/node_modules/npm/npmrc
4 silly config load:file:/home/manikandarajsmart/.npmrc
5 silly config load:file:/usr/etc/npmrc
6 verbose title npm install ws
7 verbose argv "install" "ws"
8 verbose logfile logs-max:10 dir:/home/manikandarajsmart/.npm/_logs/2026-05-17T07_27_33_297Z-
9 verbose logfile /home/manikandarajsmart/.npm/_logs/2026-05-17T07_27_33_297Z-debug-0.log
10 silly packumentCache heap:1055391744 maxSize:263847936 maxEntrySize:131923968
11 silly logfile done cleaning log files
12 silly idealTree buildDeps
13 silly fetch manifest ws@*
14 silly packumentCache full:https://registry.npmjs.org/ws cache-miss
15 http fetch GET 200 https://registry.npmjs.org/ws 186ms (cache miss)
16 silly packumentCache full:https://registry.npmjs.org/ws set size:undefined disposed:false
17 silly fetch manifest bufferutil@^4.0.1
18 silly packumentCache full:https://registry.npmjs.org/bufferutil cache-miss
19 http fetch GET 200 https://registry.npmjs.org/bufferutil 33ms (cache miss)
20 silly packumentCache full:https://registry.npmjs.org/bufferutil set size:undefined disposed:false
21 silly fetch manifest utf-8-validate@>=5.0.2
22 silly packumentCache full:https://registry.npmjs.org/utf-8-validate cache-miss
23 http fetch GET 200 https://registry.npmjs.org/utf-8-validate 33ms (cache miss)
24 silly packumentCache full:https://registry.npmjs.org/utf-8-validate set size:undefined disposed:false
25 silly placeDep ROOT ws@8.20.1 OK for: smartgym-api@1.0.0 want: *
26 silly reify moves {}
27 silly audit bulk request {
27 silly audit   '@supabase/auth-js': [ '2.105.4' ],
27 silly audit   '@supabase/functions-js': [ '2.105.4' ],
27 silly audit   '@supabase/phoenix': [ '0.4.2' ],
27 silly audit   '@supabase/postgrest-js': [ '2.105.4' ],
27 silly audit   '@supabase/realtime-js': [ '2.105.4' ],
27 silly audit   '@supabase/storage-js': [ '2.105.4' ],
27 silly audit   '@supabase/supabase-js': [ '2.105.4' ],
27 silly audit   accepts: [ '2.0.0' ],
27 silly audit   'body-parser': [ '2.2.2' ],
27 silly audit   bytes: [ '3.1.2' ],
27 silly audit   'call-bind-apply-helpers': [ '1.0.2' ],
27 silly audit   'call-bound': [ '1.0.4' ],
27 silly audit   'content-disposition': [ '1.1.0' ],
27 silly audit   'content-type': [ '1.0.5', '2.0.0' ],
27 silly audit   cookie: [ '0.7.2' ],
27 silly audit   'cookie-signature': [ '1.2.2' ],
27 silly audit   cors: [ '2.8.6' ],
27 silly audit   debug: [ '4.4.3' ],
27 silly audit   depd: [ '2.0.0' ],
27 silly audit   dotenv: [ '17.4.2' ],
27 silly audit   'dunder-proto': [ '1.0.1' ],
27 silly audit   'ee-first': [ '1.1.1' ],
27 silly audit   encodeurl: [ '2.0.0' ],
27 silly audit   'es-define-property': [ '1.0.1' ],
27 silly audit   'es-errors': [ '1.3.0' ],
27 silly audit   'es-object-atoms': [ '1.1.1' ],
27 silly audit   'escape-html': [ '1.0.3' ],
27 silly audit   etag: [ '1.8.1' ],
27 silly audit   express: [ '5.2.1' ],
27 silly audit   finalhandler: [ '2.1.1' ],
27 silly audit   forwarded: [ '0.2.0' ],
27 silly audit   fresh: [ '2.0.0' ],
27 silly audit   'function-bind': [ '1.1.2' ],
27 silly audit   'get-intrinsic': [ '1.3.0' ],
27 silly audit   'get-proto': [ '1.0.1' ],
27 silly audit   gopd: [ '1.2.0' ],
27 silly audit   'has-symbols': [ '1.1.0' ],
27 silly audit   hasown: [ '2.0.3' ],
27 silly audit   'http-errors': [ '2.0.1' ],
27 silly audit   'iceberg-js': [ '0.8.1' ],
27 silly audit   'iconv-lite': [ '0.7.2' ],
27 silly audit   inherits: [ '2.0.4' ],
27 silly audit   'ipaddr.js': [ '1.9.1' ],
27 silly audit   'is-promise': [ '4.0.0' ],
27 silly audit   'math-intrinsics': [ '1.1.0' ],
27 silly audit   'media-typer': [ '1.1.0' ],
27 silly audit   'merge-descriptors': [ '2.0.0' ],
27 silly audit   'mime-db': [ '1.54.0' ],
27 silly audit   'mime-types': [ '3.0.2' ],
27 silly audit   ms: [ '2.1.3' ],
27 silly audit   negotiator: [ '1.0.0' ],
27 silly audit   'object-assign': [ '4.1.1' ],
27 silly audit   'object-inspect': [ '1.13.4' ],
27 silly audit   'on-finished': [ '2.4.1' ],
27 silly audit   once: [ '1.4.0' ],
27 silly audit   parseurl: [ '1.3.3' ],
27 silly audit   'path-to-regexp': [ '8.4.2' ],
27 silly audit   'proxy-addr': [ '2.0.7' ],
27 silly audit   qs: [ '6.15.2' ],
27 silly audit   'range-parser': [ '1.2.1' ],
27 silly audit   'raw-body': [ '3.0.2' ],
27 silly audit   router: [ '2.2.0' ],
27 silly audit   'safer-buffer': [ '2.1.2' ],
27 silly audit   send: [ '1.2.1' ],
27 silly audit   'serve-static': [ '2.2.1' ],
27 silly audit   setprototypeof: [ '1.2.0' ],
27 silly audit   'side-channel': [ '1.1.0' ],
27 silly audit   'side-channel-list': [ '1.0.1' ],
27 silly audit   'side-channel-map': [ '1.0.1' ],
27 silly audit   'side-channel-weakmap': [ '1.0.2' ],
27 silly audit   statuses: [ '2.0.2' ],
27 silly audit   toidentifier: [ '1.0.1' ],
27 silly audit   tslib: [ '2.8.1' ],
27 silly audit   'type-is': [ '2.1.0' ],
27 silly audit   unpipe: [ '1.0.0' ],
27 silly audit   vary: [ '1.1.2' ],
27 silly audit   wrappy: [ '1.0.2' ],
27 silly audit   ws: [ '8.20.1' ]
27 silly audit }
28 silly tarball no local data for ws@https://registry.npmjs.org/ws/-/ws-8.20.1.tgz. Extracting by manifest.
29 http fetch GET 200 https://registry.npmjs.org/ws/-/ws-8.20.1.tgz 98ms (cache miss)
30 http fetch POST 200 https://registry.npmjs.org/-/npm/v1/security/advisories/bulk 276ms
31 silly audit report {}
32 silly ADD node_modules/ws
33 verbose cwd /home/manikandarajsmart
34 verbose os Linux 6.8.0-1058-gcp
35 verbose node v20.20.2
36 verbose npm  v10.8.2
37 verbose exit 0
38 info ok
